<?xml version="1.0" encoding="UTF-8"?>
<testsuite xmlns:xsi="http://www.w3.org/2001/XMLSchema-instance" xsi:noNamespaceSchemaLocation="https://maven.apache.org/surefire/maven-surefire-plugin/xsd/surefire-test-report.xsd" version="3.0.2" name="com.eatc.service.BookingServiceTest" time="0.133" tests="15" errors="0" skipped="0" failures="0">
  <properties>
[...]
</properties>
  <testcase name="ratingAboveFiveFails" classname="com.eatc.service.BookingServiceTest" time="0.051"/>
  <testcase name="attendanceChangesStatusFromBookedToAttended" classname="com.eatc.service.BookingServiceTest" time="0.013"/>
  <testcase name="bookingFailsWhenLessonIsFull" classname="com.eatc.service.BookingServiceTest" time="0.002"/>
  <testcase name="bookingFailsWhenStudentHasTimeClash" classname="com.eatc.service.BookingServiceTest" time="0.0"/>
  <testcase name="changingBookingFailsWhenNewLessonIsFull" classname="com.eatc.service.BookingServiceTest" time="0.0"/>
  <testcase name="bookingFailsWhenStudentBooksSameLessonTwice" classname="com.eatc.service.BookingServiceTest" time="0.0"/>
  <testcase name="changingBookingFailsForDifferentSubject" classname="com.eatc.service.BookingServiceTest" time="0.014"/>
  <testcase name="reviewSucceedsOnlyAfterAttendance" classname="com.eatc.service.BookingServiceTest" time="0.002"/>
  <testcase name="reviewFailsForCancelledBooking" classname="com.eatc.service.BookingServiceTest" time="0.0"/>
  <testcase name="cancelledBookingNoLongerCountsTowardCapacity" classname="com.eatc.service.BookingServiceTest" time="0.0"/>
  <testcase name="reviewFailsForBookedBooking" classname="com.eatc.service.BookingServiceTest" time="0.0"/>
  <testcase name="cancellationChangesStatusToCancelled" classname="com.eatc.service.BookingServiceTest" time="0.0"/>
  <testcase name="ratingBelowOneFails" classname="com.eatc.service.BookingServiceTest" time="0.0"/>
  <testcase name="changingBookingSucceedsForSameSubjectWithSpace" classname="com.eatc.service.BookingServiceTest" time="0.014"/>
  <testcase name="bookingSucceedsWhenLessonHasSpace" classname="com.eatc.service.BookingServiceTest" time="0.001"/>
</testsuite>